The system is: Windows - 10.0.22000 - AMD64
Compiling the C compiler identification source file "CMakeCCompilerId.c" succeeded.
Compiler: C:/Program Files/Microsoft Visual Studio/2022/Preview/VC/Tools/MSVC/14.30.30423/bin/Hostx64/x64/cl.exe 
Build flags: 
Id flags:  

The output was:
0
用于 x64 的 Microsoft (R) C/C++ 优化编译器 19.30.30423 版
版权所有(C) Microsoft Corporation。保留所有权利。

CMakeCCompilerId.c
Microsoft (R) Incremental Linker Version 14.30.30423.0
Copyright (C) Microsoft Corporation.  All rights reserved.

/out:CMakeCCompilerId.exe 
CMakeCCompilerId.obj 


Compilation of the C compiler identification source "CMakeCCompilerId.c" produced "CMakeCCompilerId.exe"

Compilation of the C compiler identification source "CMakeCCompilerId.c" produced "CMakeCCompilerId.obj"

The C compiler identification is MSVC, found in "C:/Users/15066/CLionProjects/CforPy/BST/DataStructure/cmake-build-minsizerel/CMakeFiles/3.20.2/CompilerIdC/CMakeCCompilerId.exe"

Determining if the C compiler works passed with the following output:
Change Dir: C:/Users/15066/CLionProjects/CforPy/BST/DataStructure/cmake-build-minsizerel/CMakeFiles/CMakeTmp

Run Build Command(s):nmake -f Makefile /nologo cmTC_3c338\fast && 	"C:\Program Files\Microsoft Visual Studio\2022\Preview\VC\Tools\MSVC\14.30.30423\bin\HostX64\x64\nmake.exe"  -f CMakeFiles\cmTC_3c338.dir\build.make /nologo -L                  CMakeFiles\cmTC_3c338.dir\build
Building C object CMakeFiles/cmTC_3c338.dir/testCCompiler.c.obj
	C:\Users\15066\AppData\Local\JetBrains\Toolbox\apps\CLion\ch-0\212.4746.93\bin\cmake\win\bin\cmake.exe -E cmake_cl_compile_depends --dep-file=CMakeFiles\cmTC_3c338.dir\testCCompiler.c.obj.d --working-dir=C:\Users\15066\CLionProjects\CforPy\BST\DataStructure\cmake-build-minsizerel\CMakeFiles\CMakeTmp --filter-prefix="" -- C:\PROGRA~1\MICROS~1\2022\Preview\VC\Tools\MSVC\1430~1.304\bin\Hostx64\x64\cl.exe @C:\Users\15066\AppData\Local\Temp\nmB1BE.tmp
Linking C executable cmTC_3c338.exe
	C:\Users\15066\AppData\Local\JetBrains\Toolbox\apps\CLion\ch-0\212.4746.93\bin\cmake\win\bin\cmake.exe -E vs_link_exe --intdir=CMakeFiles\cmTC_3c338.dir --rc=C:\PROGRA~2\WI3CF2~1\10\bin\100190~1.0\x64\rc.exe --mt=C:\PROGRA~2\WI3CF2~1\10\bin\100190~1.0\x64\mt.exe --manifests -- C:\PROGRA~1\MICROS~1\2022\Preview\VC\Tools\MSVC\1430~1.304\bin\Hostx64\x64\link.exe /nologo @CMakeFiles\cmTC_3c338.dir\objects1.rsp @C:\Users\15066\AppData\Local\Temp\nmB22E.tmp



